# JRE version: Java(TM) SE Runtime Environment (8.0_101-b13) (build 1.8.0_101-b13)
# Java VM: Java HotSpot(TM) 64-Bit Server VM (25.101-b13 mixed mode linux-amd64 compressed oops)
Heap:
 PSYoungGen      total 33280K, used 29739K [0x00000000ec780000, 0x00000000f0e00000, 0x0000000100000000)
  eden space 30720K, 88% used [0x00000000ec780000,0x00000000ee212d68,0x00000000ee580000)
  from space 2560K, 98% used [0x00000000ee580000,0x00000000ee7f8080,0x00000000ee800000)
  to   space 9728K, 0% used [0x00000000f0480000,0x00000000f0480000,0x00000000f0e00000)
 ParOldGen       total 41472K, used 18002K [0x00000000c5600000, 0x00000000c7e80000, 0x00000000ec780000)
  object space 41472K, 43% used [0x00000000c5600000,0x00000000c6794908,0x00000000c7e80000)
 Metaspace       used 31473K, capacity 33416K, committed 33536K, reserved 1079296K
  class space    used 4203K, capacity 4605K, committed 4608K, reserved 1048576K
GC Heap History (10 events):
Event: 1.786 GC heap before
{Heap before GC invocations=2 (full 0):
 PSYoungGen      total 17920K, used 17904K [0x00000000ec780000, 0x00000000edb80000, 0x0000000100000000)
  eden space 15360K, 100% used [0x00000000ec780000,0x00000000ed680000,0x00000000ed680000)
  from space 2560K, 99% used [0x00000000ed680000,0x00000000ed8fc030,0x00000000ed900000)
  to   space 2560K, 0% used [0x00000000ed900000,0x00000000ed900000,0x00000000edb80000)
 ParOldGen       total 40960K, used 108K [0x00000000c5600000, 0x00000000c7e00000, 0x00000000ec780000)
  object space 40960K, 0% used [0x00000000c5600000,0x00000000c561b030,0x00000000c7e00000)
 Metaspace       used 12852K, capacity 13368K, committed 13568K, reserved 1060864K
  class space    used 1833K, capacity 1977K, committed 2048K, reserved 1048576K
Event: 1.809 GC heap after
Heap after GC invocations=2 (full 0):
 PSYoungGen      total 17920K, used 2528K [0x00000000ec780000, 0x00000000eea80000, 0x0000000100000000)
  eden space 15360K, 0% used [0x00000000ec780000,0x00000000ec780000,0x00000000ed680000)
  from space 2560K, 98% used [0x00000000ed900000,0x00000000edb78010,0x00000000edb80000)
  to   space 2560K, 0% used [0x00000000ed680000,0x00000000ed680000,0x00000000ed900000)
 ParOldGen       total 40960K, used 7818K [0x00000000c5600000, 0x00000000c7e00000, 0x00000000ec780000)
  object space 40960K, 19% used [0x00000000c5600000,0x00000000c5da2850,0x00000000c7e00000)
 Metaspace       used 12852K, capacity 13368K, committed 13568K, reserved 1060864K
  class space    used 1833K, capacity 1977K, committed 2048K, reserved 1048576K
}
Event: 6.897 GC heap before
{Heap before GC invocations=3 (full 0):
 PSYoungGen      total 17920K, used 17888K [0x00000000ec780000, 0x00000000eea80000, 0x0000000100000000)
  eden space 15360K, 100% used [0x00000000ec780000,0x00000000ed680000,0x00000000ed680000)
  from space 2560K, 98% used [0x00000000ed900000,0x00000000edb78010,0x00000000edb80000)
  to   space 2560K, 0% used [0x00000000ed680000,0x00000000ed680000,0x00000000ed900000)
 ParOldGen       total 40960K, used 7818K [0x00000000c5600000, 0x00000000c7e00000, 0x00000000ec780000)
  object space 40960K, 19% used [0x00000000c5600000,0x00000000c5da2850,0x00000000c7e00000)
 Metaspace       used 17125K, capacity 17834K, committed 18048K, reserved 1064960K
  class space    used 2404K, capacity 2618K, committed 2688K, reserved 1048576K
Event: 6.907 GC heap after
Heap after GC invocations=3 (full 0):
 PSYoungGen      total 17920K, used 2528K [0x00000000ec780000, 0x00000000eea80000, 0x0000000100000000)
  eden space 15360K, 0% used [0x00000000ec780000,0x00000000ec780000,0x00000000ed680000)
  from space 2560K, 98% used [0x00000000ed680000,0x00000000ed8f8030,0x00000000ed900000)
  to   space 2560K, 0% used [0x00000000ee800000,0x00000000ee800000,0x00000000eea80000)
 ParOldGen       total 40960K, used 10997K [0x00000000c5600000, 0x00000000c7e00000, 0x00000000ec780000)
  object space 40960K, 26% used [0x00000000c5600000,0x00000000c60bd7e0,0x00000000c7e00000)
 Metaspace       used 17125K, capacity 17834K, committed 18048K, reserved 1064960K
  class space    used 2404K, capacity 2618K, committed 2688K, reserved 1048576K
}
Event: 7.251 GC heap before
{Heap before GC invocations=4 (full 0):
 PSYoungGen      total 17920K, used 11252K [0x00000000ec780000, 0x00000000eea80000, 0x0000000100000000)
  eden space 15360K, 56% used [0x00000000ec780000,0x00000000ed005060,0x00000000ed680000)
  from space 2560K, 98% used [0x00000000ed680000,0x00000000ed8f8030,0x00000000ed900000)
  to   space 2560K, 0% used [0x00000000ee800000,0x00000000ee800000,0x00000000eea80000)
 ParOldGen       total 40960K, used 10997K [0x00000000c5600000, 0x00000000c7e00000, 0x00000000ec780000)
  object space 40960K, 26% used [0x00000000c5600000,0x00000000c60bd7e0,0x00000000c7e00000)
 Metaspace       used 20479K, capacity 21194K, committed 21248K, reserved 1067008K
  class space    used 2836K, capacity 3034K, committed 3072K, reserved 1048576K
Event: 7.263 GC heap after
Heap after GC invocations=4 (full 0):
 PSYoungGen      total 33280K, used 2528K [0x00000000ec780000, 0x00000000eea80000, 0x0000000100000000)
  eden space 30720K, 0% used [0x00000000ec780000,0x00000000ec780000,0x00000000ee580000)
  from space 2560K, 98% used [0x00000000ee800000,0x00000000eea78030,0x00000000eea80000)
  to   space 2560K, 0% used [0x00000000ee580000,0x00000000ee580000,0x00000000ee800000)
 ParOldGen       total 40960K, used 13010K [0x00000000c5600000, 0x00000000c7e00000, 0x00000000ec780000)
  object space 40960K, 31% used [0x00000000c5600000,0x00000000c62b4b40,0x00000000c7e00000)
 Metaspace       used 20479K, capacity 21194K, committed 21248K, reserved 1067008K
  class space    used 2836K, capacity 3034K, committed 3072K, reserved 1048576K
}
Event: 7.263 GC heap before
{Heap before GC invocations=5 (full 1):
 PSYoungGen      total 33280K, used 2528K [0x00000000ec780000, 0x00000000eea80000, 0x0000000100000000)
  eden space 30720K, 0% used [0x00000000ec780000,0x00000000ec780000,0x00000000ee580000)
  from space 2560K, 98% used [0x00000000ee800000,0x00000000eea78030,0x00000000eea80000)
  to   space 2560K, 0% used [0x00000000ee580000,0x00000000ee580000,0x00000000ee800000)
 ParOldGen       total 40960K, used 13010K [0x00000000c5600000, 0x00000000c7e00000, 0x00000000ec780000)
  object space 40960K, 31% used [0x00000000c5600000,0x00000000c62b4b40,0x00000000c7e00000)
 Metaspace       used 20479K, capacity 21194K, committed 21248K, reserved 1067008K
  class space    used 2836K, capacity 3034K, committed 3072K, reserved 1048576K
Event: 7.310 GC heap after
Heap after GC invocations=5 (full 1):
 PSYoungGen      total 33280K, used 0K [0x00000000ec780000, 0x00000000eea80000, 0x0000000100000000)
  eden space 30720K, 0% used [0x00000000ec780000,0x00000000ec780000,0x00000000ee580000)
  from space 2560K, 0% used [0x00000000ee800000,0x00000000ee800000,0x00000000eea80000)
  to   space 2560K, 0% used [0x00000000ee580000,0x00000000ee580000,0x00000000ee800000)
 ParOldGen       total 41472K, used 14108K [0x00000000c5600000, 0x00000000c7e80000, 0x00000000ec780000)
  object space 41472K, 34% used [0x00000000c5600000,0x00000000c63c7008,0x00000000c7e80000)
 Metaspace       used 20479K, capacity 21194K, committed 21248K, reserved 1067008K
  class space    used 2836K, capacity 3034K, committed 3072K, reserved 1048576K
}
Event: 9.367 GC heap before
{Heap before GC invocations=6 (full 1):
 PSYoungGen      total 33280K, used 30720K [0x00000000ec780000, 0x00000000eea80000, 0x0000000100000000)
  eden space 30720K, 100% used [0x00000000ec780000,0x00000000ee580000,0x00000000ee580000)
  from space 2560K, 0% used [0x00000000ee800000,0x00000000ee800000,0x00000000eea80000)
  to   space 2560K, 0% used [0x00000000ee580000,0x00000000ee580000,0x00000000ee800000)
 ParOldGen       total 41472K, used 14108K [0x00000000c5600000, 0x00000000c7e80000, 0x00000000ec780000)
  object space 41472K, 34% used [0x00000000c5600000,0x00000000c63c7008,0x00000000c7e80000)
 Metaspace       used 27880K, capacity 29138K, committed 29184K, reserved 1075200K
  class space    used 3788K, capacity 4086K, committed 4096K, reserved 1048576K
Event: 9.376 GC heap after
Heap after GC invocations=6 (full 1):
 PSYoungGen      total 33280K, used 2528K [0x00000000ec780000, 0x00000000f0e00000, 0x0000000100000000)
  eden space 30720K, 0% used [0x00000000ec780000,0x00000000ec780000,0x00000000ee580000)
  from space 2560K, 98% used [0x00000000ee580000,0x00000000ee7f8080,0x00000000ee800000)
  to   space 9728K, 0% used [0x00000000f0480000,0x00000000f0480000,0x00000000f0e00000)
 ParOldGen       total 41472K, used 18002K [0x00000000c5600000, 0x00000000c7e80000, 0x00000000ec780000)
  object space 41472K, 43% used [0x00000000c5600000,0x00000000c6794908,0x00000000c7e80000)
 Metaspace       used 27880K, capacity 29138K, committed 29184K, reserved 1075200K
  class space    used 3788K, capacity 4086K, committed 4096K, reserved 1048576K
}

